<?xml version="1.0" encoding="UTF-8"?>
<testng-results ignored="0" total="1" passed="1" failed="0" skipped="0">
  <reporter-output>
  </reporter-output>
  <suite started-at="2023-02-18T12:23:42 CST" name="Default suite" finished-at="2023-02-18T12:24:04 CST" duration-ms="22001">
    <groups>
    </groups>
    <test started-at="2023-02-18T12:23:42 CST" name="Default test" finished-at="2023-02-18T12:24:04 CST" duration-ms="22001">
      <class name="com.qa.testcases.TestBoxTestCases">
        <test-method is-config="true" signature="startApplicatio()[pri:0, instance:com.qa.testcases.TestBoxTestCases@7ea9e1e2]" started-at="2023-02-18T12:23:42 CST" name="startApplicatio" finished-at="2023-02-18T12:23:51 CST" duration-ms="9134" status="PASS">
          <reporter-output>
          </reporter-output>
        </test-method> <!-- startApplicatio -->
        <test-method signature="verifysubmittedstudentdata()[pri:1, instance:com.qa.testcases.TestBoxTestCases@7ea9e1e2]" started-at="2023-02-18T12:23:51 CST" name="verifysubmittedstudentdata" finished-at="2023-02-18T12:24:04 CST" duration-ms="12254" status="PASS">
          <reporter-output>
          </reporter-output>
        </test-method> <!-- verifysubmittedstudentdata -->
        <test-method is-config="true" signature="closeApplication()[pri:0, instance:com.qa.testcases.TestBoxTestCases@7ea9e1e2]" started-at="2023-02-18T12:24:04 CST" name="closeApplication" finished-at="2023-02-18T12:24:04 CST" duration-ms="520" status="PASS">
          <reporter-output>
          </reporter-output>
        </test-method> <!-- closeApplication -->
      </class> <!-- com.qa.testcases.TestBoxTestCases -->
    </test> <!-- Default test -->
  </suite> <!-- Default suite -->
</testng-results>
